<?xml version="1.0" encoding="UTF-8" ?>
<testsuite errors="0" failures="0" hostname="Earls-MacBook-Pro.local" name="com.coffeemate.JoinNowExistingLogin" tests="1" time="16.833" timestamp="2013-07-04T11:11:13">
  <properties>
[...]
</properties>
  <testcase classname="com.coffeemate.JoinNowExistingLogin" name="testJoinNowExisting" time="16.545" />
  <system-out><![CDATA[This test case will verify that when a user tries to log-in as an existing user with an existing. User will see Error Message "This email address already exists in our system. Please choose a different email address."
]]></system-out>
  <system-err><![CDATA[]]></system-err>
</testsuite>
